<?xml version="1.0" encoding="UTF-8"?>
<!-- Generated by org.testng.reporters.JUnitReportReporter -->
<testsuite name="com.oracle.responsys.testscripts.P_TC_001_VerifyLoginWithInvalidCredentials" tests="1" time="0.161" ignored="0" failures="0" timestamp="18 May 2018 06:35:02 GMT" skipped="0" hostname="KKONDAPP-LAP" errors="0">
  <testcase name="verifyLoginWithInvalidCredentails" time="0.161" classname="com.oracle.responsys.testscripts.P_TC_001_VerifyLoginWithInvalidCredentials"/>
</testsuite> <!-- com.oracle.responsys.testscripts.P_TC_001_VerifyLoginWithInvalidCredentials -->
