<?xml version="1.0" encoding="UTF-8"?>
<!-- Generated by org.testng.reporters.JUnitReportReporter -->
<testsuite skipped="0" hostname="KKONDAPP-LAP" name="com.oracle.responsys.testscripts.RI_TC_001_VerifyMutlipleLogins_From_Excel" tests="1" failures="0" timestamp="10 Aug 2018 05:27:45 GMT" time="4.510" errors="0">
  <testcase name="verifyLoginWithInvalidCredentails" time="4.510" classname="com.oracle.responsys.testscripts.RI_TC_001_VerifyMutlipleLogins_From_Excel"/>
</testsuite> <!-- com.oracle.responsys.testscripts.RI_TC_001_VerifyMutlipleLogins_From_Excel -->
