<?xml version="1.0" encoding="UTF-8"?>
<!-- Generated by org.testng.reporters.JUnitReportReporter -->
<testsuite name="com.oracle.responsys.testscripts.CreateWB_Jun418" tests="1" time="7.889" ignored="0" failures="0" timestamp="04 Jun 2018 09:53:36 GMT" skipped="0" hostname="KKONDAPP-LAP" errors="0">
  <testcase name="Test_CreateWBJun418" time="7.889" classname="com.oracle.responsys.testscripts.CreateWB_Jun418"/>
</testsuite> <!-- com.oracle.responsys.testscripts.CreateWB_Jun418 -->
