<?xml version="1.0" encoding="UTF-8"?>
<!-- Generated by org.testng.reporters.JUnitReportReporter -->
<testsuite skipped="0" hostname="KKONDAPP-LAP" name="com.oracle.responsys.testscripts.TestW" tests="1" failures="0" timestamp="11 Aug 2018 10:22:38 GMT" time="0.007" errors="0">
  <testcase name="test" time="0.007" classname="com.oracle.responsys.testscripts.TestW"/>
</testsuite> <!-- com.oracle.responsys.testscripts.TestW -->
