<?xml version="1.0" encoding="UTF-8"?>
<!-- Generated by org.testng.reporters.JUnitReportReporter -->
<testsuite skipped="0" hostname="KKONDAPP-LAP" name="com.oracle.responsys.testscripts.TestNG_FullDemo1" tests="3" failures="0" timestamp="11 Aug 2018 09:42:59 GMT" time="0.008" errors="0">
  <testcase name="test3" time="0.003" classname="com.oracle.responsys.testscripts.TestNG_FullDemo1"/>
  <testcase name="test1" time="0.002" classname="com.oracle.responsys.testscripts.TestNG_FullDemo1"/>
  <testcase name="test2" time="0.003" classname="com.oracle.responsys.testscripts.TestNG_FullDemo1"/>
</testsuite> <!-- com.oracle.responsys.testscripts.TestNG_FullDemo1 -->
