<?xml version="1.0" encoding="UTF-8"?>
<!-- Generated by org.testng.reporters.JUnitReportReporter -->
<testsuite skipped="1" hostname="KKONDAPP-LAP" name="com.oracle.responsys.testscripts.TestSelenium" tests="1" failures="0" timestamp="11 Aug 2018 09:42:43 GMT" time="0.000" errors="0">
  <testcase name="test" time="0.000" classname="com.oracle.responsys.testscripts.TestSelenium">
    <skipped/>
  </testcase> <!-- test -->
</testsuite> <!-- com.oracle.responsys.testscripts.TestSelenium -->
