<?xml version="1.0" encoding="UTF-8"?>
<!-- Generated by org.testng.reporters.JUnitReportReporter -->
<testsuite skipped="3" hostname="KKONDAPP-LAP" name="com.oracle.responsys.testscripts.TestNG_FullDemo3" tests="3" failures="0" timestamp="11 Aug 2018 09:42:43 GMT" time="0.000" errors="0">
  <testcase name="test3" time="0.000" classname="com.oracle.responsys.testscripts.TestNG_FullDemo3">
    <skipped/>
  </testcase> <!-- test3 -->
  <testcase name="test2" time="0.000" classname="com.oracle.responsys.testscripts.TestNG_FullDemo3">
    <skipped/>
  </testcase> <!-- test2 -->
  <testcase name="test1" time="0.000" classname="com.oracle.responsys.testscripts.TestNG_FullDemo3">
    <skipped/>
  </testcase> <!-- test1 -->
</testsuite> <!-- com.oracle.responsys.testscripts.TestNG_FullDemo3 -->
