<?xml version="1.0" encoding="UTF-8"?>
<!-- Generated by org.testng.reporters.JUnitReportReporter -->
<testsuite name="com.oracle.responsys.testscripts.CreateEmailCamapign" tests="1" time="5.229" ignored="0" failures="0" timestamp="29 Nov 2017 11:08:04 GMT" skipped="0" hostname="KKONDAPP-LAP" errors="0">
  <testcase name="test" time="5.229" classname="com.oracle.responsys.testscripts.CreateEmailCamapign"/>
</testsuite> <!-- com.oracle.responsys.testscripts.CreateEmailCamapign -->
